<?xml version="1.0" encoding="UTF-8"?>
<!-- Generated by org.testng.reporters.JUnitReportReporter -->
<testsuite hostname="ksudharm" name="com.training.sanity.tests.AddNewUserTests" tests="1" failures="0" timestamp="6 Sep 2019 06:53:17 GMT" time="46.854" errors="0">
  <testcase name="validAddNewUserTest" time="46.854" classname="com.training.sanity.tests.AddNewUserTests"/>
</testsuite> <!-- com.training.sanity.tests.AddNewUserTests -->
