<?xml version="1.0" encoding="UTF-8"?>
<!-- Generated by org.testng.reporters.JUnitReportReporter -->
<testsuite hostname="ksudharm" name="com.training.regression.tests.LoginExcelTest" tests="2" failures="0" timestamp="9 Sep 2019 17:49:51 GMT" time="41.818" errors="0">
  <testcase name="loginDBTest" time="19.963" classname="com.training.regression.tests.LoginExcelTest"/>
  <testcase name="loginDBTest" time="21.855" classname="com.training.regression.tests.LoginExcelTest"/>
</testsuite> <!-- com.training.regression.tests.LoginExcelTest -->
