<?xml version="1.0" encoding="UTF-8"?>
<!-- Generated by org.testng.reporters.JUnitReportReporter -->
<testsuite hostname="ksudharm" name="com.training.sanity.tests.SendExcelQueryTests1" tests="2" failures="0" timestamp="14 Sep 2019 10:27:52 GMT" time="46.165" errors="0">
  <testcase name="loginDBTest" time="20.492" classname="com.training.sanity.tests.SendExcelQueryTests1"/>
  <testcase name="loginDBTest" time="25.673" classname="com.training.sanity.tests.SendExcelQueryTests1"/>
</testsuite> <!-- com.training.sanity.tests.SendExcelQueryTests1 -->
