<?xml version="1.0" encoding="UTF-8"?>
<!-- Generated by org.testng.reporters.JUnitReportReporter -->
<testsuite hostname="ksudharm" name="com.training.sanity.tests.logoutTests" tests="1" failures="0" timestamp="27 Aug 2019 12:42:13 GMT" time="24.811" errors="0">
  <testcase name="validLogoutTest" time="24.811" classname="com.training.sanity.tests.logoutTests"/>
</testsuite> <!-- com.training.sanity.tests.logoutTests -->
