<?xml version="1.0" encoding="UTF-8"?>
<!-- Generated by org.testng.reporters.JUnitReportReporter -->
<testsuite hostname="ksudharm" name="com.training.sanity.tests.ChangeProfileTests" tests="1" failures="0" timestamp="27 Aug 2019 13:20:02 GMT" time="22.164" errors="0">
  <testcase name="validChangeProfileTest" time="22.164" classname="com.training.sanity.tests.ChangeProfileTests"/>
</testsuite> <!-- com.training.sanity.tests.ChangeProfileTests -->
