<?xml version="1.0" encoding="UTF-8"?>
<!-- Generated by org.testng.reporters.JUnitReportReporter -->
<testsuite hostname="ksudharm" name="com.training.sanity.tests.PlotsPageTests" tests="1" failures="0" timestamp="6 Sep 2019 05:15:07 GMT" time="37.267" errors="0">
  <testcase name="PlotPage" time="37.267" classname="com.training.sanity.tests.PlotsPageTests"/>
</testsuite> <!-- com.training.sanity.tests.PlotsPageTests -->
