<?xml version="1.0" encoding="UTF-8"?>
<!-- Generated by org.testng.reporters.JUnitReportReporter -->
<testsuite hostname="ksudharm" name="com.training.sanity.tests.AddPostsTests" tests="1" failures="0" timestamp="13 Sep 2019 18:17:35 GMT" time="68.934" errors="0">
  <testcase name="validAddPostsTests" time="68.934" classname="com.training.sanity.tests.AddPostsTests"/>
</testsuite> <!-- com.training.sanity.tests.AddPostsTests -->
