<?xml version="1.0" encoding="UTF-8"?>
<!-- Generated by org.testng.reporters.JUnitReportReporter -->
<testsuite hostname="ksudharm" name="com.training.sanity.tests.AddNewPropertTests" tests="1" failures="0" timestamp="6 Sep 2019 10:17:24 GMT" time="61.130" errors="0">
  <testcase name="validAddNewPropertTests" time="61.130" classname="com.training.sanity.tests.AddNewPropertTests"/>
</testsuite> <!-- com.training.sanity.tests.AddNewPropertTests -->
